Running Script...
CNN2DAudioClassifier(
  (sequential): Sequential(
    (0): Conv2d(1, 8, kernel_size=(5, 5), stride=(2, 2), padding=(2, 2))
    (1): ReLU()
    (2): BatchNorm2d(8, eps=1e-05, momentum=0.1, affine=True, track_running_stats=True)
    (3): Conv2d(8, 16, kernel_size=(3, 3), stride=(2, 2), padding=(1, 1))
    (4): ReLU()
    (5): BatchNorm2d(16, eps=1e-05, momentum=0.1, affine=True, track_running_stats=True)
    (6): Conv2d(16, 32, kernel_size=(3, 3), stride=(2, 2), padding=(1, 1))
    (7): ReLU()
    (8): BatchNorm2d(32, eps=1e-05, momentum=0.1, affine=True, track_running_stats=True)
    (9): Conv2d(32, 64, kernel_size=(3, 3), stride=(2, 2), padding=(1, 1))
    (10): ReLU()
    (11): BatchNorm2d(64, eps=1e-05, momentum=0.1, affine=True, track_running_stats=True)
    (12): AdaptiveAvgPool2d(output_size=1)
    (13): Flatten(start_dim=1, end_dim=-1)
    (14): Linear(in_features=64, out_features=10, bias=True)
  )
)
  0%|          | 0/1 [00:00<?, ?it/s]100%|██████████| 1/1 [00:02<00:00,  2.18s/it]100%|██████████| 1/1 [00:07<00:00,  7.18s/it]
tensor([[-1.0758,  0.7383, -1.9151, -3.7231,  2.7449,  4.8351, -1.4445,  1.9865,
         -1.3785, -1.5514],
        [ 0.9005,  0.2684,  5.5876,  8.9403, -1.0606, -5.7617, -2.9433, -1.1960,
         -0.1106, -1.0218],
        [-1.9156, -2.2382, -1.9165,  1.7663, -3.9878, -2.1355,  3.2962, -3.1087,
          8.9388, -1.5641],
        [-2.0114, -0.9156, -2.1913, -2.7500,  0.2396,  4.6656,  2.0238,  2.8478,
         -1.3244,  0.4723],
        [ 3.1547, -2.4660,  1.7593,  0.7206,  7.4443, -2.1840,  0.2718,  1.1317,
         -4.7246, -5.0339],
        [-1.2131, -1.2564, -3.6413, -2.1505,  0.5266,  6.5268,  0.7296,  2.0757,
         -2.4672, -0.4142],
        [ 3.4562,  5.2161, -3.7669, -0.8668, -1.8527, -3.2453, -7.6440,  0.1318,
         -2.4588,  9.8903]], device='mps:0')
tensor([5, 3, 8, 5, 4, 5, 9], device='mps:0')
7
7 7
Test accuacy: 1.00, Test loss: 0.074
Run Finished!
