Running Script...
CNN2DAudioClassifier(
  (sequential): Sequential(
    (0): Conv2d(1, 8, kernel_size=(5, 5), stride=(2, 2), padding=(2, 2))
    (1): ReLU()
    (2): BatchNorm2d(8, eps=1e-05, momentum=0.1, affine=True, track_running_stats=True)
    (3): Conv2d(8, 16, kernel_size=(3, 3), stride=(2, 2), padding=(1, 1))
    (4): ReLU()
    (5): BatchNorm2d(16, eps=1e-05, momentum=0.1, affine=True, track_running_stats=True)
    (6): Conv2d(16, 32, kernel_size=(3, 3), stride=(2, 2), padding=(1, 1))
    (7): ReLU()
    (8): BatchNorm2d(32, eps=1e-05, momentum=0.1, affine=True, track_running_stats=True)
    (9): Conv2d(32, 64, kernel_size=(3, 3), stride=(2, 2), padding=(1, 1))
    (10): ReLU()
    (11): BatchNorm2d(64, eps=1e-05, momentum=0.1, affine=True, track_running_stats=True)
    (12): AdaptiveAvgPool2d(output_size=1)
    (13): Flatten(start_dim=1, end_dim=-1)
    (14): Linear(in_features=64, out_features=10, bias=True)
  )
)
  0%|          | 0/1 [00:00<?, ?it/s]100%|██████████| 1/1 [00:02<00:00,  2.10s/it]100%|██████████| 1/1 [00:07<00:00,  7.10s/it]
tensor([[-1.7797, -4.3424,  0.2800,  4.4735, -0.0075,  0.0637,  2.6813, -2.8016,
          4.9357, -4.1229],
        [ 1.6746,  3.6933, -1.0333, -1.1358,  2.1617, -1.0958, -0.5905,  2.8070,
         -3.8518, -2.4036],
        [ 0.6603,  0.3691, -1.8542, -2.5077, -0.4166,  2.1897, -4.5380,  1.6527,
         -2.5948,  6.8596]], device='mps:0')
tensor([8, 1, 9], device='mps:0')
Test accuacy: 1.00, Test loss: 0.392
tensor([[-1.7797, -4.3424,  0.2800,  4.4735, -0.0075,  0.0637,  2.6813, -2.8016,
          4.9357, -4.1229],
        [ 1.6746,  3.6933, -1.0333, -1.1358,  2.1617, -1.0958, -0.5905,  2.8070,
         -3.8518, -2.4036],
        [ 0.6603,  0.3691, -1.8542, -2.5077, -0.4166,  2.1897, -4.5380,  1.6527,
         -2.5948,  6.8596]], device='mps:0')
torch.return_types.max(
values=tensor([4.9357, 3.6933, 6.8596], device='mps:0'),
indices=tensor([8, 1, 9], device='mps:0'))
Run Finished!
