Running Script...
CNN2DAudioClassifier(
  (sequential): Sequential(
    (0): Conv2d(1, 8, kernel_size=(5, 5), stride=(2, 2), padding=(2, 2))
    (1): ReLU()
    (2): BatchNorm2d(8, eps=1e-05, momentum=0.1, affine=True, track_running_stats=True)
    (3): Conv2d(8, 16, kernel_size=(3, 3), stride=(2, 2), padding=(1, 1))
    (4): ReLU()
    (5): BatchNorm2d(16, eps=1e-05, momentum=0.1, affine=True, track_running_stats=True)
    (6): Conv2d(16, 32, kernel_size=(3, 3), stride=(2, 2), padding=(1, 1))
    (7): ReLU()
    (8): BatchNorm2d(32, eps=1e-05, momentum=0.1, affine=True, track_running_stats=True)
    (9): Conv2d(32, 64, kernel_size=(3, 3), stride=(2, 2), padding=(1, 1))
    (10): ReLU()
    (11): BatchNorm2d(64, eps=1e-05, momentum=0.1, affine=True, track_running_stats=True)
    (12): AdaptiveAvgPool2d(output_size=1)
    (13): Flatten(start_dim=1, end_dim=-1)
    (14): Linear(in_features=64, out_features=10, bias=True)
  )
)
  0%|          | 0/24 [00:00<?, ?it/s]  4%|▍         | 1/24 [00:04<01:45,  4.59s/it] 25%|██▌       | 6/24 [00:05<00:11,  1.55it/s] 33%|███▎      | 8/24 [00:05<00:08,  1.99it/s] 42%|████▏     | 10/24 [00:05<00:05,  2.40it/s] 50%|█████     | 12/24 [00:06<00:04,  2.81it/s] 58%|█████▊    | 14/24 [00:06<00:03,  3.19it/s] 67%|██████▋   | 16/24 [00:07<00:02,  3.39it/s] 75%|███████▌  | 18/24 [00:07<00:01,  3.65it/s] 83%|████████▎ | 20/24 [00:08<00:01,  3.94it/s] 92%|█████████▏| 22/24 [00:08<00:00,  4.04it/s]100%|██████████| 24/24 [00:08<00:00,  4.72it/s]100%|██████████| 24/24 [00:18<00:00,  1.27it/s]
Test accuacy: 0.99, Test loss: 0.049
Run Finished!
