Running Script...
CNN2DAudioClassifier(
  (sequential): Sequential(
    (0): Conv2d(1, 8, kernel_size=(5, 5), stride=(2, 2), padding=(2, 2))
    (1): ReLU()
    (2): BatchNorm2d(8, eps=1e-05, momentum=0.1, affine=True, track_running_stats=True)
    (3): Conv2d(8, 16, kernel_size=(3, 3), stride=(2, 2), padding=(1, 1))
    (4): ReLU()
    (5): BatchNorm2d(16, eps=1e-05, momentum=0.1, affine=True, track_running_stats=True)
    (6): Conv2d(16, 32, kernel_size=(3, 3), stride=(2, 2), padding=(1, 1))
    (7): ReLU()
    (8): BatchNorm2d(32, eps=1e-05, momentum=0.1, affine=True, track_running_stats=True)
    (9): Conv2d(32, 64, kernel_size=(3, 3), stride=(2, 2), padding=(1, 1))
    (10): ReLU()
    (11): BatchNorm2d(64, eps=1e-05, momentum=0.1, affine=True, track_running_stats=True)
    (12): AdaptiveAvgPool2d(output_size=1)
    (13): Flatten(start_dim=1, end_dim=-1)
    (14): Linear(in_features=64, out_features=10, bias=True)
  )
)
  0%|          | 0/1 [00:00<?, ?it/s]100%|██████████| 1/1 [00:02<00:00,  2.01s/it]100%|██████████| 1/1 [00:07<00:00,  7.01s/it]
Test accuacy: 1.00, Test loss: 0.392
tensor([[-2.9832e+00,  4.8615e+00, -2.1350e+00, -2.4673e+00,  3.7837e+00,
          1.3393e+00, -9.0824e+00,  3.6664e+00, -1.0115e+00,  5.2628e+00],
        [-3.8990e-01, -1.6711e+00,  3.3535e-01,  6.5583e-02,  1.0212e+00,
         -1.9063e+00,  4.7609e+00,  1.8722e+00, -5.1807e-01, -2.2241e+00],
        [-3.0414e+00,  1.2153e+00, -1.5913e-01, -6.6868e-01, -1.5272e-01,
         -1.2501e+00,  3.6902e+00,  3.6451e+00, -7.4839e-02, -1.2612e-02],
        [ 4.4084e+00, -6.8014e+00, -1.9601e-01,  4.5336e+00, -2.5891e+00,
         -1.9004e+00,  8.3419e+00,  1.2687e+00, -2.3625e+00, -7.5385e+00],
        [ 3.8621e+00, -4.9273e+00,  1.2229e+00,  1.8304e+00, -2.0093e+00,
         -2.1441e+00,  7.6765e+00,  2.3456e+00, -2.3766e+00, -6.7409e+00],
        [-3.7074e-01, -1.1919e+00,  8.9475e-01,  9.3430e-03, -3.4160e-01,
         -1.9360e+00,  6.5898e+00,  2.4875e+00, -1.0311e+00, -3.9304e+00],
        [ 4.7180e+00, -6.7934e+00, -7.2763e-01,  4.7131e+00, -2.7430e+00,
         -1.6104e+00,  7.8644e+00,  9.8140e-01, -2.6641e+00, -7.0078e+00],
        [ 3.8148e+00, -5.7578e+00,  6.6480e-01,  2.8220e+00, -2.1575e+00,
         -1.9213e+00,  8.0652e+00,  2.1344e+00, -2.4690e+00, -7.0036e+00],
        [ 3.4486e+00, -7.4875e+00, -2.2220e+00,  5.6518e+00, -2.1175e+00,
         -1.0632e-01,  8.3210e+00,  9.0879e-01, -2.6274e+00, -7.3490e+00],
        [-2.2339e+00,  5.0319e+00, -1.7308e+00, -2.6066e+00,  2.6104e+00,
          3.8424e+00, -1.0734e+01, -1.2485e+00,  7.4209e-01,  7.6025e+00],
        [-2.4528e+00,  6.0800e+00, -1.3594e+00, -1.6019e+00,  3.1486e+00,
          2.1942e+00, -1.2369e+01, -4.1536e+00,  3.6256e+00,  7.3388e+00],
        [-3.0025e+00,  5.4418e+00, -3.0138e+00, -3.6675e+00,  5.2220e+00,
          3.9966e+00, -1.1504e+01, -1.7206e+00,  1.1381e+00,  6.5499e+00],
        [-1.9975e+00,  5.8319e+00, -1.8725e+00, -1.9468e+00,  2.2491e+00,
          3.0220e+00, -1.1344e+01, -2.0009e+00,  1.3993e+00,  7.7686e+00],
        [-1.1890e+00,  4.8612e+00, -1.8703e+00, -2.7937e+00,  2.1844e+00,
          3.7824e+00, -1.1697e+01, -2.4490e+00,  1.1794e+00,  8.8388e+00]],
       device='mps:0')
torch.return_types.max(
values=tensor([5.2628, 4.7609, 3.6902, 8.3419, 7.6765, 6.5898, 7.8644, 8.0652, 8.3210,
        7.6025, 7.3388, 6.5499, 7.7686, 8.8388], device='mps:0'),
indices=tensor([9, 6, 6, 6, 6, 6, 6, 6, 6, 9, 9, 9, 9, 9], device='mps:0'))
Run Finished!
