Running Script...
CNN2DAudioClassifier(
  (sequential): Sequential(
    (0): Conv2d(1, 8, kernel_size=(5, 5), stride=(2, 2), padding=(2, 2))
    (1): ReLU()
    (2): BatchNorm2d(8, eps=1e-05, momentum=0.1, affine=True, track_running_stats=True)
    (3): Conv2d(8, 16, kernel_size=(3, 3), stride=(2, 2), padding=(1, 1))
    (4): ReLU()
    (5): BatchNorm2d(16, eps=1e-05, momentum=0.1, affine=True, track_running_stats=True)
    (6): Conv2d(16, 32, kernel_size=(3, 3), stride=(2, 2), padding=(1, 1))
    (7): ReLU()
    (8): BatchNorm2d(32, eps=1e-05, momentum=0.1, affine=True, track_running_stats=True)
    (9): Conv2d(32, 64, kernel_size=(3, 3), stride=(2, 2), padding=(1, 1))
    (10): ReLU()
    (11): BatchNorm2d(64, eps=1e-05, momentum=0.1, affine=True, track_running_stats=True)
    (12): AdaptiveAvgPool2d(output_size=1)
    (13): Flatten(start_dim=1, end_dim=-1)
    (14): Linear(in_features=64, out_features=10, bias=True)
  )
)
  0%|          | 0/1 [00:00<?, ?it/s]100%|██████████| 1/1 [00:02<00:00,  2.07s/it]100%|██████████| 1/1 [00:07<00:00,  7.07s/it]
Test accuacy: 1.00, Test loss: 0.392
tensor([[-2.5149e-02,  2.4681e+01, -4.4589e+00, -7.2662e+00, -4.5739e+00,
          3.6306e+00, -1.9716e+01, -1.5890e+01,  4.5229e+00,  1.1231e+01],
        [-7.6025e+00, -1.2537e+01, -2.0386e+01,  1.5328e+01, -5.3349e+00,
          1.1563e+01,  5.9301e+00, -2.4645e-01,  2.9976e+00,  8.4261e-01],
        [ 4.8797e-01,  2.4681e+01, -3.8932e+01, -3.1502e+01, -1.3581e+01,
          1.1856e+01, -4.4614e+01,  6.7998e-01, -7.2516e+00,  6.6100e+01],
        [-3.5055e+00,  3.4833e+00, -8.9354e-01,  3.9762e-01,  6.1533e+00,
          4.1790e+00, -8.2314e+00, -4.1780e-01,  5.9523e-01, -1.4176e-01],
        [-3.1362e+00,  1.3187e+01, -6.6497e-01, -4.2807e+00,  3.8155e-02,
          5.3139e+00, -1.4118e+01, -7.9350e+00,  3.2199e+00,  5.9909e+00],
        [-1.7523e+00,  9.8188e-01,  1.3116e+00,  4.7508e+00,  8.7528e-01,
         -8.0561e-01, -5.2402e+00,  3.5854e+00, -2.7688e+00,  2.5691e+00],
        [-7.7742e+00, -1.2749e+01, -1.9393e+01,  1.5614e+01, -5.1705e+00,
          1.1497e+01,  5.5108e+00, -6.3973e-01,  3.3706e+00,  7.2266e-01],
        [-2.5378e+00,  8.3794e+00, -2.6875e+01, -1.3718e+01, -9.0567e+00,
          1.1532e+01, -2.2994e+01,  5.3513e+00, -6.1123e+00,  3.8813e+01],
        [-1.7053e+00,  8.6580e-01,  2.3410e+00,  2.3480e+00,  1.9211e+00,
         -1.0352e+00, -1.3659e+00,  1.8058e+00, -1.1702e+00,  1.0656e+00],
        [-1.7824e+00,  1.9473e-01,  2.5234e+00,  5.7805e+00, -3.2250e-04,
         -1.6188e+00, -4.7662e+00,  3.2479e+00, -1.8677e+00,  2.2222e+00],
        [-2.6139e+00,  1.2138e+00, -1.3679e+00,  3.0509e+00,  1.9577e+00,
          1.2645e+00, -6.7218e+00,  3.7414e+00, -1.5670e+00,  2.1141e+00],
        [-1.9974e+00,  5.7236e-01,  1.7791e+00,  5.1771e+00,  4.3889e-01,
         -1.0790e+00, -4.3773e+00,  3.3622e+00, -2.3364e+00,  2.0598e+00],
        [-2.3259e+00,  1.6240e-01,  1.5098e+00,  5.3864e+00,  3.0265e-02,
         -6.6650e-01, -5.3947e+00,  3.6874e+00, -1.5796e+00,  2.2466e+00],
        [-1.8365e+00,  1.4411e+00,  2.4203e+00,  4.1996e+00,  1.3776e+00,
         -1.7760e+00, -2.5387e+00,  2.2029e+00, -2.0100e+00,  9.6259e-01],
        [-1.9772e+00,  6.8500e-01,  2.9099e+00,  3.9355e+00,  9.5653e-01,
         -1.8578e+00, -1.7278e+00,  1.8511e+00, -9.7215e-01,  9.1074e-01],
        [-1.8457e+00,  1.0995e+00,  2.4166e+00,  3.1496e+00,  1.2398e+00,
         -1.5667e+00, -1.1511e+00,  1.9804e+00, -9.6611e-01,  8.1882e-01],
        [-9.2950e-01, -1.0048e+00,  1.8632e+00, -5.7660e-01,  2.9455e+00,
         -3.3569e-01,  2.7185e+00,  1.8400e+00, -4.0765e-01, -2.2204e+00],
        [ 7.6172e+00, -8.1258e+00,  4.8918e+00, -4.6357e-01,  6.5721e-01,
         -3.4336e+00,  7.1843e+00,  2.1019e+00, -1.1347e+00, -1.0050e+01],
        [ 8.0186e-01, -2.3860e+00,  1.8668e+00, -5.8873e-01,  3.0652e+00,
         -9.2315e-01,  3.8992e+00,  1.9409e+00, -9.4201e-01, -3.7860e+00],
        [-1.3604e+00, -1.1835e+00,  2.0708e+00, -3.4431e-01,  2.4170e+00,
         -2.5717e-01,  2.7720e+00,  1.9613e+00,  1.1429e-01, -1.9999e+00],
        [ 3.5954e+00, -4.7396e+00,  3.4358e+00, -3.1784e-01,  1.9085e+00,
         -2.3432e+00,  5.4777e+00,  1.6174e+00, -6.4615e-01, -6.3203e+00],
        [-1.5620e+00, -8.3006e-02,  1.9207e+00, -1.5918e-01,  2.2015e+00,
         -7.2762e-01,  2.5286e+00,  2.0900e+00,  2.4119e-01, -1.4533e+00],
        [-7.8322e-01, -1.0108e+00,  1.7668e+00, -6.0972e-01,  3.0425e+00,
         -4.3832e-01,  2.8467e+00,  1.8466e+00, -4.2786e-01, -2.3586e+00],
        [-9.3376e-01, -1.3470e+00,  1.9451e+00, -3.4124e-01,  2.6964e+00,
         -4.2201e-01,  3.0882e+00,  1.8347e+00, -4.0842e-02, -2.5073e+00],
        [ 7.3648e+00, -9.1944e+00,  4.2525e+00,  5.8915e-01,  8.6117e-01,
         -3.1641e+00,  8.1759e+00,  2.3019e+00, -1.3215e+00, -1.1148e+01],
        [-1.8490e+00,  1.4991e+00,  1.9670e+00,  1.6575e+00,  1.7328e+00,
         -1.0586e+00,  1.5367e-01,  1.8858e+00, -6.4910e-01,  3.0089e-01],
        [-1.6599e+00,  8.1863e-01,  1.6514e+00, -2.9790e-01,  2.7796e+00,
         -6.7140e-01,  1.4284e+00,  1.9306e+00, -4.1034e-01, -5.4968e-01],
        [ 6.8337e+00, -9.9181e+00,  3.4045e+00,  1.0409e+00,  1.3126e+00,
         -2.8069e+00,  8.8175e+00,  2.4320e+00, -1.5972e+00, -1.1676e+01],
        [ 9.4536e-01, -2.4653e+00,  2.4749e+00, -5.2926e-01,  2.7595e+00,
         -9.9823e-01,  3.9534e+00,  1.7535e+00, -8.4873e-01, -4.0244e+00],
        [-1.5232e+00,  7.6707e-01,  1.5790e+00, -1.5025e-01,  2.4641e+00,
         -7.6014e-01,  2.0308e+00,  2.0972e+00, -3.0393e-01, -9.2189e-01],
        [-1.9432e+00,  1.0172e+00,  2.5930e+00,  3.5979e+00,  1.1112e+00,
         -1.8332e+00, -1.2815e+00,  1.9412e+00, -8.2798e-01,  6.5341e-01],
        [ 7.5611e+00, -8.8497e+00,  4.2231e+00,  3.7814e-01,  8.1140e-01,
         -3.2089e+00,  7.9829e+00,  2.1216e+00, -1.3776e+00, -1.0707e+01],
        [ 3.9652e+00, -4.1877e+00,  3.2920e+00, -4.5674e-01,  2.0941e+00,
         -2.4409e+00,  5.1772e+00,  1.5405e+00, -9.6477e-01, -6.2552e+00],
        [-1.1127e+00, -5.6812e-01,  1.8407e+00, -4.1467e-01,  2.4878e+00,
         -5.5385e-01,  2.7550e+00,  2.0576e+00, -1.1624e-01, -1.9626e+00],
        [-8.0841e-01, -2.0107e+00,  2.2492e+00, -1.4362e-01,  2.6749e+00,
         -3.6923e-01,  3.2255e+00,  1.5680e+00,  5.8026e-02, -3.0095e+00],
        [ 7.7655e+00, -8.5754e+00,  4.4909e+00, -2.2714e-01,  9.5241e-01,
         -3.4272e+00,  7.5933e+00,  1.9555e+00, -1.3198e+00, -1.0367e+01],
        [-1.5099e+00, -1.5436e-01,  2.0754e+00, -5.8009e-02,  2.0654e+00,
         -6.7255e-01,  2.5992e+00,  2.0755e+00,  3.2596e-01, -1.4795e+00],
        [ 7.2213e+00, -7.6852e+00,  4.6565e+00, -3.5032e-01,  8.9531e-01,
         -3.2961e+00,  6.9183e+00,  1.8159e+00, -1.0051e+00, -9.4523e+00],
        [ 7.7128e+00, -8.3538e+00,  4.8810e+00, -2.1669e-01,  6.5027e-01,
         -3.3861e+00,  7.3291e+00,  1.9910e+00, -1.1629e+00, -1.0196e+01],
        [ 3.5088e+00, -1.0709e+01,  2.5836e-01,  1.9042e+00,  1.9748e+00,
         -1.0326e+00,  1.0264e+01,  4.2299e+00, -2.5892e+00, -1.2384e+01],
        [-1.6654e+00, -1.3444e+01, -5.5102e+00,  5.8774e+00,  1.9000e+00,
          3.4561e+00,  1.0052e+01,  4.7546e+00, -2.1278e+00, -1.1116e+01],
        [ 7.4922e+00, -9.0014e+00,  3.8474e+00,  4.4292e-01,  9.6846e-01,
         -3.0787e+00,  8.0436e+00,  2.3082e+00, -1.5481e+00, -1.0958e+01],
        [ 5.5711e-02, -1.8748e+00,  1.7077e+00, -6.0803e-01,  3.3006e+00,
         -5.0885e-01,  3.5491e+00,  1.7477e+00, -7.8526e-01, -3.3092e+00],
        [-3.9365e+00, -1.4460e+01, -9.6248e+00,  9.5514e+00,  6.3915e-01,
          5.7691e+00,  9.7600e+00,  3.1264e+00, -8.1062e-01, -8.2434e+00],
        [-1.7267e+00,  3.2181e-01,  1.6813e+00, -2.6217e-02,  2.4668e+00,
         -4.5465e-01,  1.8660e+00,  1.9363e+00, -6.7103e-02, -8.2803e-01],
        [-1.7496e+00,  1.3404e+00,  1.8590e+00,  2.9870e+00,  1.5729e+00,
         -1.4394e+00, -1.0337e+00,  2.1522e+00, -1.5832e+00,  6.4200e-01],
        [-9.4359e-01, -1.2846e+00,  2.1134e+00, -3.5602e-01,  2.6291e+00,
         -4.9820e-01,  2.9448e+00,  1.9025e+00, -5.3807e-02, -2.4352e+00],
        [ 1.9240e+00, -3.2318e+00,  2.9444e+00, -4.2750e-01,  2.4359e+00,
         -1.4764e+00,  4.4174e+00,  1.8584e+00, -8.6552e-01, -4.7155e+00],
        [-3.3509e+00,  4.0972e+00, -6.8979e-01, -2.3830e-01,  5.7921e+00,
          4.1468e+00, -8.8739e+00, -1.1806e+00,  1.0302e+00, -2.4558e-01],
        [ 3.1086e+00,  3.2282e+01, -6.3185e+00, -9.2562e+00, -7.3825e+00,
          8.4274e-01, -2.3933e+01, -2.2380e+01,  5.8423e+00,  1.5483e+01],
        [ 3.2424e+00,  3.2602e+01, -6.2290e+00, -9.1106e+00, -8.6168e+00,
          1.0503e+00, -2.4519e+01, -2.3336e+01,  6.5341e+00,  1.6733e+01]],
       device='mps:0')
torch.return_types.max(
values=tensor([24.6814, 15.3285, 66.0996,  6.1533, 13.1869,  4.7508, 15.6143, 38.8130,
         2.3480,  5.7805,  3.7414,  5.1771,  5.3864,  4.1996,  3.9355,  3.1496,
         2.9455,  7.6172,  3.8992,  2.7720,  5.4777,  2.5286,  3.0425,  3.0882,
         8.1759,  1.9670,  2.7796,  8.8175,  3.9534,  2.4641,  3.5979,  7.9829,
         5.1772,  2.7550,  3.2255,  7.7655,  2.5992,  7.2213,  7.7128, 10.2643,
        10.0518,  8.0436,  3.5491,  9.7600,  2.4668,  2.9870,  2.9448,  4.4174,
         5.7921, 32.2819, 32.6024], device='mps:0'),
indices=tensor([1, 3, 9, 4, 1, 3, 3, 9, 3, 3, 7, 3, 3, 3, 3, 3, 4, 0, 6, 6, 6, 6, 4, 6,
        6, 2, 4, 6, 6, 4, 3, 6, 6, 6, 6, 0, 6, 0, 0, 6, 6, 6, 6, 6, 4, 3, 6, 6,
        4, 1, 1], device='mps:0'))
Run Finished!
